<?xml version="1.0" encoding="UTF-8"?>
<testsuite xmlns:xsi="http://www.w3.org/2001/XMLSchema-instance" xsi:noNamespaceSchemaLocation="https://maven.apache.org/surefire/maven-surefire-plugin/xsd/surefire-test-report.xsd" version="3.0.2" name="com.auction.domain.AuctionManagerTest" time="0.379" tests="10" errors="0" skipped="0" failures="0">
  <properties>
[...]
</properties>
  <testcase name="placeBid_shouldRejectWhenSessionNotRunning" classname="com.auction.domain.AuctionManagerTest" time="0.346">
    <system-out><![CDATA[[DATABASE] ✓ Connection Pool khởi tạo thành công (max=20)
[MANAGER] Phiên NOTRUN-5746862528600 tạo thành công (trạng thái: PENDING, bắt đầu: 2026-05-27T18:58:09.820926)
[MANAGER] Đặt giá bị từ chối: Phiên chưa đến giờ bắt đầu (PENDING)
]]></system-out>
    <system-err><![CDATA[SLF4J: Failed to load class "org.slf4j.impl.StaticLoggerBinder".
SLF4J: Defaulting to no-operation (NOP) logger implementation
SLF4J: See http://www.slf4j.org/codes.html#StaticLoggerBinder for further details.
[MANAGER] ⚠ Lỗi nạp phiên từ DB: Database disabled in JUnit test mode to prevent data pollution.
[MANAGER] ⚠ Lỗi lưu phiên NOTRUN-5746862528600: Database disabled in JUnit test mode to prevent data pollution.
]]></system-err>
  </testcase>
  <testcase name="placeBid_shouldReturnFalseForUnknownAuction" classname="com.auction.domain.AuctionManagerTest" time="0.001">
    <system-err><![CDATA[[MANAGER] Không tìm thấy phiên: NONEXISTENT-AUCTION
]]></system-err>
  </testcase>
  <testcase name="placeBid_secondHigherBidShouldWin" classname="com.auction.domain.AuctionManagerTest" time="0.009">
    <system-out><![CDATA[[MANAGER] Phiên BID2-5746870675300 tạo thành công (trạng thái: RUNNING, bắt đầu: 2026-05-27T17:58:09.825926700)
[PHIÊN BID2-5746870675300] BIDDER-A đặt 200 
[PHIÊN BID2-5746870675300] BIDDER-B đặt 350 
]]></system-out>
    <system-err><![CDATA[[MANAGER] ⚠ Lỗi lưu phiên BID2-5746870675300: Database disabled in JUnit test mode to prevent data pollution.
[WALLET] Lỗi xử lý ví: Database disabled in JUnit test mode to prevent data pollution.
[MANAGER] Lỗi lưu giao dịch: Database disabled in JUnit test mode to prevent data pollution.
[WALLET] Lỗi xử lý ví: Database disabled in JUnit test mode to prevent data pollution.
[MANAGER] Lỗi lưu giao dịch: Database disabled in JUnit test mode to prevent data pollution.
]]></system-err>
  </testcase>
  <testcase name="closeSession_shouldRejectFinishedSession" classname="com.auction.domain.AuctionManagerTest" time="0.004">
    <system-out><![CDATA[[MANAGER] Phiên DONE-5746882908800 tạo thành công (trạng thái: RUNNING, bắt đầu: 2026-05-27T17:58:09.838654400)
]]></system-out>
    <system-err><![CDATA[[MANAGER] ⚠ Lỗi lưu phiên DONE-5746882908800: Database disabled in JUnit test mode to prevent data pollution.
[MANAGER] ⚠ Lỗi lưu phiên DONE-5746882908800: Database disabled in JUnit test mode to prevent data pollution.
]]></system-err>
  </testcase>
  <testcase name="placeBid_lowerBidShouldBeRejected" classname="com.auction.domain.AuctionManagerTest" time="0.002">
    <system-out><![CDATA[[MANAGER] Phiên LOW-5746884907100 tạo thành công (trạng thái: RUNNING, bắt đầu: 2026-05-27T17:58:09.840394600)
[PHIÊN LOW-5746884907100] BIDDER-X đặt 500 
[MANAGER] Đặt giá bị từ chối: Giá đặt 300 phải cao hơn giá cao nhất hiện tại 500
]]></system-out>
    <system-err><![CDATA[[MANAGER] ⚠ Lỗi lưu phiên LOW-5746884907100: Database disabled in JUnit test mode to prevent data pollution.
[WALLET] Lỗi xử lý ví: Database disabled in JUnit test mode to prevent data pollution.
[MANAGER] Lỗi lưu giao dịch: Database disabled in JUnit test mode to prevent data pollution.
]]></system-err>
  </testcase>
  <testcase name="startSession_shouldRejectAlreadyRunningSession" classname="com.auction.domain.AuctionManagerTest" time="0.0">
    <system-out><![CDATA[[MANAGER] Phiên START-RUN-5746888712200 tạo thành công (trạng thái: PENDING, bắt đầu: 2026-05-27T18:58:09.844834600)
[PHIÊN START-RUN-5746888712200] ▶ Đã mở — bắt đầu nhận bid!
]]></system-out>
    <system-err><![CDATA[[MANAGER] ⚠ Lỗi lưu phiên START-RUN-5746888712200: Database disabled in JUnit test mode to prevent data pollution.
]]></system-err>
  </testcase>
  <testcase name="fullFlow_createStartBidClose_shouldFollowExpectedStates" classname="com.auction.domain.AuctionManagerTest" time="0.001">
    <system-out><![CDATA[[MANAGER] Phiên FLOW-5746890089500 tạo thành công (trạng thái: PENDING, bắt đầu: 2026-05-27T18:58:09.846054600)
[PHIÊN FLOW-5746890089500] ▶ Đã mở — bắt đầu nhận bid!
[PHIÊN FLOW-5746890089500] BIDDER-1 đặt 150 
]]></system-out>
    <system-err><![CDATA[[MANAGER] ⚠ Lỗi lưu phiên FLOW-5746890089500: Database disabled in JUnit test mode to prevent data pollution.
[WALLET] Lỗi xử lý ví: Database disabled in JUnit test mode to prevent data pollution.
[MANAGER] Lỗi lưu giao dịch: Database disabled in JUnit test mode to prevent data pollution.
[MANAGER] ⚠ Lỗi lưu phiên FLOW-5746890089500: Database disabled in JUnit test mode to prevent data pollution.
]]></system-err>
  </testcase>
  <testcase name="createSession_shouldRejectDuplicateAuctionId" classname="com.auction.domain.AuctionManagerTest" time="0.002">
    <system-out><![CDATA[[MANAGER] Phiên DUP-5746892572200 tạo thành công (trạng thái: RUNNING, bắt đầu: 2026-05-27T17:58:09.848663700)
]]></system-out>
    <system-err><![CDATA[[MANAGER] ⚠ Lỗi lưu phiên DUP-5746892572200: Database disabled in JUnit test mode to prevent data pollution.
]]></system-err>
  </testcase>
  <testcase name="createSession_shouldRejectBlankAuctionId" classname="com.auction.domain.AuctionManagerTest" time="0.002"/>
  <testcase name="closeSession_shouldReturnFalseForUnknownSession" classname="com.auction.domain.AuctionManagerTest" time="0.001"/>
</testsuite>